e:\object oriented design\project4\sender\debug\vc140.pdb
e:\object oriented design\project4\sender\debug\vc140.idb
e:\object oriented design\project4\sender\debug\filesystem.obj
e:\object oriented design\project4\sender\debug\httpmessage.obj
e:\object oriented design\project4\sender\debug\cpp11-blockingqueue.obj
e:\object oriented design\project4\sender\debug\logger.obj
e:\object oriented design\project4\sender\debug\sockets.obj
e:\object oriented design\project4\sender\debug\utilities.obj
e:\object oriented design\project4\sender\debug\tokenizer.obj
e:\object oriented design\project4\sender\debug\xmldocument.obj
e:\object oriented design\project4\sender\debug\xmlelement.obj
e:\object oriented design\project4\sender\debug\xmlelementparts.obj
e:\object oriented design\project4\sender\debug\xmlparser.obj
e:\object oriented design\project4\sender\debug\sender.obj
e:\object oriented design\project4\debug\sender.ilk
e:\object oriented design\project4\debug\sender.exe
e:\object oriented design\project4\debug\sender.pdb
e:\object oriented design\project4\sender\debug\sender.tlog\cl.command.1.tlog
e:\object oriented design\project4\sender\debug\sender.tlog\cl.read.1.tlog
e:\object oriented design\project4\sender\debug\sender.tlog\cl.write.1.tlog
e:\object oriented design\project4\sender\debug\sender.tlog\link.command.1.tlog
e:\object oriented design\project4\sender\debug\sender.tlog\link.read.1.tlog
e:\object oriented design\project4\sender\debug\sender.tlog\link.write.1.tlog
