e:\object oriented design\project4\msgserver\debug\vc140.pdb
e:\object oriented design\project4\msgserver\debug\vc140.idb
e:\object oriented design\project4\msgserver\debug\filesystem.obj
e:\object oriented design\project4\msgserver\debug\httpmessage.obj
e:\object oriented design\project4\msgserver\debug\cpp11-blockingqueue.obj
e:\object oriented design\project4\msgserver\debug\logger.obj
e:\object oriented design\project4\msgserver\debug\sockets.obj
e:\object oriented design\project4\msgserver\debug\utilities.obj
e:\object oriented design\project4\msgserver\debug\tokenizer.obj
e:\object oriented design\project4\msgserver\debug\xmldocument.obj
e:\object oriented design\project4\msgserver\debug\xmlelement.obj
e:\object oriented design\project4\msgserver\debug\xmlelementparts.obj
e:\object oriented design\project4\msgserver\debug\xmlparser.obj
e:\object oriented design\project4\msgserver\debug\msgserver.obj
e:\object oriented design\project4\debug\msgserver.exe
e:\object oriented design\project4\msgserver\debug\msgserver.tlog\cl.command.1.tlog
e:\object oriented design\project4\msgserver\debug\msgserver.tlog\cl.read.1.tlog
e:\object oriented design\project4\msgserver\debug\msgserver.tlog\cl.write.1.tlog
e:\object oriented design\project4\msgserver\debug\msgserver.tlog\link.command.1.tlog
e:\object oriented design\project4\msgserver\debug\msgserver.tlog\link.read.1.tlog
e:\object oriented design\project4\msgserver\debug\msgserver.tlog\link.write.1.tlog
