e:\object oriented design\project4\msgclient\debug\vc140.pdb
e:\object oriented design\project4\msgclient\debug\vc140.idb
e:\object oriented design\project4\msgclient\debug\filesystem.obj
e:\object oriented design\project4\msgclient\debug\httpmessage.obj
e:\object oriented design\project4\msgclient\debug\cpp11-blockingqueue.obj
e:\object oriented design\project4\msgclient\debug\logger.obj
e:\object oriented design\project4\msgclient\debug\sockets.obj
e:\object oriented design\project4\msgclient\debug\utilities.obj
e:\object oriented design\project4\msgclient\debug\tokenizer.obj
e:\object oriented design\project4\msgclient\debug\xmldocument.obj
e:\object oriented design\project4\msgclient\debug\xmlelement.obj
e:\object oriented design\project4\msgclient\debug\xmlelementparts.obj
e:\object oriented design\project4\msgclient\debug\xmlparser.obj
e:\object oriented design\project4\msgclient\debug\msgclient.obj
e:\object oriented design\project4\debug\msgclient.exe
e:\object oriented design\project4\msgclient\debug\msgclient.tlog\cl.command.1.tlog
e:\object oriented design\project4\msgclient\debug\msgclient.tlog\cl.read.1.tlog
e:\object oriented design\project4\msgclient\debug\msgclient.tlog\cl.write.1.tlog
e:\object oriented design\project4\msgclient\debug\msgclient.tlog\link.command.1.tlog
e:\object oriented design\project4\msgclient\debug\msgclient.tlog\link.read.1.tlog
e:\object oriented design\project4\msgclient\debug\msgclient.tlog\link.write.1.tlog
